2024-09-29 05:10:17.772480: E external/xla/xla/stream_executor/cuda/cuda_driver.cc:266] failed call to cuInit: CUDA_ERROR_NO_DEVICE: no CUDA-capable device is detected
Traceback (most recent call last):
  File "/home/ty39/scratch/mypython3/jax/_src/xla_bridge.py", line 879, in backends
    backend = _init_backend(platform)
  File "/home/ty39/scratch/mypython3/jax/_src/xla_bridge.py", line 970, in _init_backend
    backend = registration.factory()
  File "/home/ty39/scratch/mypython3/jax/_src/xla_bridge.py", line 668, in factory
    return xla_client.make_c_api_client(plugin_name, updated_options, None)
  File "/home/ty39/scratch/mypython3/jaxlib/xla_client.py", line 200, in make_c_api_client
    return _xla.get_c_api_client(plugin_name, options, distributed_client)
jaxlib.xla_extension.XlaRuntimeError: FAILED_PRECONDITION: No visible GPU devices.

During handling of the above exception, another exception occurred:

jax.errors.SimplifiedTraceback: For simplicity, JAX has removed its internal frames from the traceback of the following exception. Set JAX_TRACEBACK_FILTERING=off to include these.

The above exception was the direct cause of the following exception:

Traceback (most recent call last):
  File "/home/ty39/Finalized/Running_1d.py", line 70, in <module>
    n_indices = jnp.arange(L)
  File "/home/ty39/scratch/mypython3/jax/_src/numpy/lax_numpy.py", line 3582, in arange
    return lax.iota(dtype, start)
  File "/home/ty39/scratch/mypython3/jax/_src/lax/lax.py", line 1321, in iota
    return broadcasted_iota(dtype, (size,), 0)
  File "/home/ty39/scratch/mypython3/jax/_src/lax/lax.py", line 1331, in broadcasted_iota
    return iota_p.bind(*dynamic_shape, dtype=dtype, shape=tuple(static_shape),
  File "/home/ty39/scratch/mypython3/jax/_src/core.py", line 416, in bind
    return self.bind_with_trace(find_top_trace(args), args, params)
  File "/home/ty39/scratch/mypython3/jax/_src/core.py", line 420, in bind_with_trace
    out = trace.process_primitive(self, map(trace.full_raise, args), params)
  File "/home/ty39/scratch/mypython3/jax/_src/core.py", line 921, in process_primitive
    return primitive.impl(*tracers, **params)
  File "/home/ty39/scratch/mypython3/jax/_src/dispatch.py", line 87, in apply_primitive
    outs = fun(*args)
RuntimeError: Unable to initialize backend 'cuda': FAILED_PRECONDITION: No visible GPU devices. (you may need to uninstall the failing plugin package, or set JAX_PLATFORMS=cpu to skip this backend.)
srun: error: ccc0421: task 0: Exited with exit code 1
